[0.000000] (-) TimerEvent: {}
[0.000132] (controller) JobQueued: {'identifier': 'controller', 'dependencies': OrderedDict()}
[0.000302] (hmi_bridge) JobQueued: {'identifier': 'hmi_bridge', 'dependencies': OrderedDict()}
[0.000471] (simulator) JobQueued: {'identifier': 'simulator', 'dependencies': OrderedDict()}
[0.000506] (controller) JobStarted: {'identifier': 'controller'}
[0.004521] (hmi_bridge) JobStarted: {'identifier': 'hmi_bridge'}
[0.006234] (simulator) JobStarted: {'identifier': 'simulator'}
[0.008432] (controller) JobProgress: {'identifier': 'controller', 'progress': 'cmake'}
[0.008822] (controller) JobProgress: {'identifier': 'controller', 'progress': 'build'}
[0.009145] (controller) Command: {'cmd': ['/usr/bin/cmake', '--build', '/workspace/ros_ws/build/controller', '--', '-j20', '-l20'], 'cwd': '/workspace/ros_ws/build/controller', 'env': OrderedDict({'NODE_VERSION': '24.11.1', 'HOSTNAME': '07777fa54abc', 'SHLVL': '0', 'LD_LIBRARY_PATH': '/opt/ros/jazzy/opt/rviz_ogre_vendor/lib:/opt/ros/jazzy/lib/x86_64-linux-gnu:/opt/ros/jazzy/opt/gz_math_vendor/lib:/opt/ros/jazzy/opt/gz_utils_vendor/lib:/opt/ros/jazzy/opt/gz_cmake_vendor/lib:/opt/ros/jazzy/lib', 'HOME': '/home/ubuntu', 'OLDPWD': '/', 'ROS_PYTHON_VERSION': '3', 'LC_CTYPE': 'C.UTF-8', 'NVM_DIR': '/usr/local/nvm', 'ROS_DISTRO': 'jazzy', '_': '/usr/bin/colcon', 'ROS_VERSION': '2', 'PATH': '/opt/ros/jazzy/bin:/usr/local/nvm/versions/node/v24.11.1/bin:/usr/local/sbin:/usr/local/bin:/usr/sbin:/usr/bin:/sbin:/bin', 'AMENT_PREFIX_PATH': '/opt/ros/jazzy', 'NG_CLI_ANALYTICS': 'false', 'ROS_AUTOMATIC_DISCOVERY_RANGE': 'SUBNET', 'PWD': '/workspace/ros_ws/build/controller', 'PYTHONPATH': '/opt/ros/jazzy/lib/python3.12/site-packages', 'COLCON': '1', 'CMAKE_PREFIX_PATH': '/opt/ros/jazzy/opt/gz_math_vendor:/opt/ros/jazzy/opt/gz_utils_vendor:/opt/ros/jazzy/opt/gz_cmake_vendor:/opt/ros/jazzy'}), 'shell': False}
[0.010094] (hmi_bridge) JobProgress: {'identifier': 'hmi_bridge', 'progress': 'cmake'}
[0.010198] (hmi_bridge) JobProgress: {'identifier': 'hmi_bridge', 'progress': 'build'}
[0.010358] (hmi_bridge) Command: {'cmd': ['/usr/bin/cmake', '--build', '/workspace/ros_ws/build/hmi_bridge', '--', '-j20', '-l20'], 'cwd': '/workspace/ros_ws/build/hmi_bridge', 'env': OrderedDict({'NODE_VERSION': '24.11.1', 'HOSTNAME': '07777fa54abc', 'SHLVL': '0', 'LD_LIBRARY_PATH': '/opt/ros/jazzy/opt/rviz_ogre_vendor/lib:/opt/ros/jazzy/lib/x86_64-linux-gnu:/opt/ros/jazzy/opt/gz_math_vendor/lib:/opt/ros/jazzy/opt/gz_utils_vendor/lib:/opt/ros/jazzy/opt/gz_cmake_vendor/lib:/opt/ros/jazzy/lib', 'HOME': '/home/ubuntu', 'OLDPWD': '/', 'ROS_PYTHON_VERSION': '3', 'LC_CTYPE': 'C.UTF-8', 'NVM_DIR': '/usr/local/nvm', 'ROS_DISTRO': 'jazzy', '_': '/usr/bin/colcon', 'ROS_VERSION': '2', 'PATH': '/opt/ros/jazzy/bin:/usr/local/nvm/versions/node/v24.11.1/bin:/usr/local/sbin:/usr/local/bin:/usr/sbin:/usr/bin:/sbin:/bin', 'AMENT_PREFIX_PATH': '/opt/ros/jazzy', 'NG_CLI_ANALYTICS': 'false', 'ROS_AUTOMATIC_DISCOVERY_RANGE': 'SUBNET', 'PWD': '/workspace/ros_ws/build/hmi_bridge', 'PYTHONPATH': '/opt/ros/jazzy/lib/python3.12/site-packages', 'COLCON': '1', 'CMAKE_PREFIX_PATH': '/opt/ros/jazzy/opt/gz_math_vendor:/opt/ros/jazzy/opt/gz_utils_vendor:/opt/ros/jazzy/opt/gz_cmake_vendor:/opt/ros/jazzy'}), 'shell': False}
[0.011093] (simulator) JobProgress: {'identifier': 'simulator', 'progress': 'cmake'}
[0.011390] (simulator) JobProgress: {'identifier': 'simulator', 'progress': 'build'}
[0.011499] (simulator) Command: {'cmd': ['/usr/bin/cmake', '--build', '/workspace/ros_ws/build/simulator', '--', '-j20', '-l20'], 'cwd': '/workspace/ros_ws/build/simulator', 'env': OrderedDict({'NODE_VERSION': '24.11.1', 'HOSTNAME': '07777fa54abc', 'SHLVL': '0', 'LD_LIBRARY_PATH': '/opt/ros/jazzy/opt/rviz_ogre_vendor/lib:/opt/ros/jazzy/lib/x86_64-linux-gnu:/opt/ros/jazzy/opt/gz_math_vendor/lib:/opt/ros/jazzy/opt/gz_utils_vendor/lib:/opt/ros/jazzy/opt/gz_cmake_vendor/lib:/opt/ros/jazzy/lib', 'HOME': '/home/ubuntu', 'OLDPWD': '/', 'ROS_PYTHON_VERSION': '3', 'LC_CTYPE': 'C.UTF-8', 'NVM_DIR': '/usr/local/nvm', 'ROS_DISTRO': 'jazzy', '_': '/usr/bin/colcon', 'ROS_VERSION': '2', 'PATH': '/opt/ros/jazzy/bin:/usr/local/nvm/versions/node/v24.11.1/bin:/usr/local/sbin:/usr/local/bin:/usr/sbin:/usr/bin:/sbin:/bin', 'AMENT_PREFIX_PATH': '/opt/ros/jazzy', 'NG_CLI_ANALYTICS': 'false', 'ROS_AUTOMATIC_DISCOVERY_RANGE': 'SUBNET', 'PWD': '/workspace/ros_ws/build/simulator', 'PYTHONPATH': '/opt/ros/jazzy/lib/python3.12/site-packages', 'COLCON': '1', 'CMAKE_PREFIX_PATH': '/opt/ros/jazzy/opt/gz_math_vendor:/opt/ros/jazzy/opt/gz_utils_vendor:/opt/ros/jazzy/opt/gz_cmake_vendor:/opt/ros/jazzy'}), 'shell': False}
[0.016100] (simulator) StderrLine: {'line': b'CMake Error: The current CMakeCache.txt directory /workspace/ros_ws/build/simulator/CMakeCache.txt is different than the directory /workspace/build/simulator where CMakeCache.txt was created. This may result in binaries being created in the wrong place. If you are not sure, reedit the CMakeCache.txt\n'}
[0.016238] (controller) StderrLine: {'line': b'CMake Error: The current CMakeCache.txt directory /workspace/ros_ws/build/controller/CMakeCache.txt is different than the directory /workspace/build/controller where CMakeCache.txt was created. This may result in binaries being created in the wrong place. If you are not sure, reedit the CMakeCache.txt\n'}
[0.016961] (hmi_bridge) StderrLine: {'line': b'CMake Error: The current CMakeCache.txt directory /workspace/ros_ws/build/hmi_bridge/CMakeCache.txt is different than the directory /workspace/build/hmi_bridge where CMakeCache.txt was created. This may result in binaries being created in the wrong place. If you are not sure, reedit the CMakeCache.txt\n'}
[0.024815] (simulator) StderrLine: {'line': b'CMake Error: The source directory "/workspace/src/simulator" does not exist.\n'}
[0.024932] (simulator) StderrLine: {'line': b'Specify --help for usage, or press the help button on the CMake GUI.\n'}
[0.025385] (simulator) StderrLine: {'line': b'gmake: *** [Makefile:226: cmake_check_build_system] Error 1\n'}
[0.025929] (hmi_bridge) StderrLine: {'line': b'CMake Error: The source directory "/workspace/src/hmi_bridge" does not exist.\n'}
[0.025986] (hmi_bridge) StderrLine: {'line': b'Specify --help for usage, or press the help button on the CMake GUI.\n'}
[0.026403] (simulator) CommandEnded: {'returncode': 2}
[0.033892] (simulator) JobEnded: {'identifier': 'simulator', 'rc': 2}
[0.034426] (hmi_bridge) StderrLine: {'line': b'gmake: *** [Makefile:294: cmake_check_build_system] Error 1\n'}
[0.034501] (controller) StderrLine: {'line': b'CMake Error: The source directory "/workspace/src/controller" does not exist.\n'}
[0.034542] (controller) StderrLine: {'line': b'Specify --help for usage, or press the help button on the CMake GUI.\n'}
[0.034575] (controller) StderrLine: {'line': b'gmake: *** [Makefile:267: cmake_check_build_system] Error 1\n'}
[0.034605] (hmi_bridge) JobEnded: {'identifier': 'hmi_bridge', 'rc': 'SIGINT'}
[0.034747] (controller) JobEnded: {'identifier': 'controller', 'rc': 'SIGINT'}
[0.044674] (-) EventReactorShutdown: {}
