[0.000000] (-) TimerEvent: {}
[0.000082] (controller) JobQueued: {'identifier': 'controller', 'dependencies': OrderedDict()}
[0.000125] (hmi_bridge) JobQueued: {'identifier': 'hmi_bridge', 'dependencies': OrderedDict()}
[0.000152] (simulator) JobQueued: {'identifier': 'simulator', 'dependencies': OrderedDict()}
[0.000860] (controller) JobStarted: {'identifier': 'controller'}
[0.007206] (hmi_bridge) JobStarted: {'identifier': 'hmi_bridge'}
[0.010202] (simulator) JobStarted: {'identifier': 'simulator'}
[0.015383] (controller) JobProgress: {'identifier': 'controller', 'progress': 'cmake'}
[0.016873] (controller) JobProgress: {'identifier': 'controller', 'progress': 'build'}
[0.017054] (controller) Command: {'cmd': ['/usr/bin/cmake', '--build', '/workspace/build/controller', '--', '-j20', '-l20'], 'cwd': '/workspace/build/controller', 'env': OrderedDict({'NODE_VERSION': '24.11.1', 'HOSTNAME': '79a98c8adb75', 'SHLVL': '0', 'LD_LIBRARY_PATH': '/opt/ros/jazzy/opt/rviz_ogre_vendor/lib:/opt/ros/jazzy/lib/x86_64-linux-gnu:/opt/ros/jazzy/opt/gz_math_vendor/lib:/opt/ros/jazzy/opt/gz_utils_vendor/lib:/opt/ros/jazzy/opt/gz_cmake_vendor/lib:/opt/ros/jazzy/lib', 'HOME': '/home/ubuntu', 'OLDPWD': '/', 'ROS_PYTHON_VERSION': '3', 'LC_CTYPE': 'C.UTF-8', 'NVM_DIR': '/usr/local/nvm', 'ROS_DISTRO': 'jazzy', '_': '/usr/bin/colcon', 'ROS_VERSION': '2', 'PATH': '/opt/ros/jazzy/bin:/usr/local/nvm/versions/node/v24.11.1/bin:/usr/local/sbin:/usr/local/bin:/usr/sbin:/usr/bin:/sbin:/bin', 'AMENT_PREFIX_PATH': '/opt/ros/jazzy', 'NG_CLI_ANALYTICS': 'false', 'ROS_AUTOMATIC_DISCOVERY_RANGE': 'SUBNET', 'PWD': '/workspace/build/controller', 'PYTHONPATH': '/opt/ros/jazzy/lib/python3.12/site-packages', 'COLCON': '1', 'CMAKE_PREFIX_PATH': '/opt/ros/jazzy/opt/gz_math_vendor:/opt/ros/jazzy/opt/gz_utils_vendor:/opt/ros/jazzy/opt/gz_cmake_vendor:/opt/ros/jazzy'}), 'shell': False}
[0.018056] (hmi_bridge) JobProgress: {'identifier': 'hmi_bridge', 'progress': 'cmake'}
[0.018211] (hmi_bridge) Command: {'cmd': ['/usr/bin/cmake', '/workspace/src/hmi_bridge', '-DCMAKE_INSTALL_PREFIX=/workspace/install/hmi_bridge'], 'cwd': '/workspace/build/hmi_bridge', 'env': OrderedDict({'NODE_VERSION': '24.11.1', 'HOSTNAME': '79a98c8adb75', 'SHLVL': '0', 'LD_LIBRARY_PATH': '/opt/ros/jazzy/opt/rviz_ogre_vendor/lib:/opt/ros/jazzy/lib/x86_64-linux-gnu:/opt/ros/jazzy/opt/gz_math_vendor/lib:/opt/ros/jazzy/opt/gz_utils_vendor/lib:/opt/ros/jazzy/opt/gz_cmake_vendor/lib:/opt/ros/jazzy/lib', 'HOME': '/home/ubuntu', 'OLDPWD': '/', 'ROS_PYTHON_VERSION': '3', 'LC_CTYPE': 'C.UTF-8', 'NVM_DIR': '/usr/local/nvm', 'ROS_DISTRO': 'jazzy', '_': '/usr/bin/colcon', 'ROS_VERSION': '2', 'PATH': '/opt/ros/jazzy/bin:/usr/local/nvm/versions/node/v24.11.1/bin:/usr/local/sbin:/usr/local/bin:/usr/sbin:/usr/bin:/sbin:/bin', 'AMENT_PREFIX_PATH': '/opt/ros/jazzy', 'NG_CLI_ANALYTICS': 'false', 'ROS_AUTOMATIC_DISCOVERY_RANGE': 'SUBNET', 'PWD': '/workspace/build/hmi_bridge', 'PYTHONPATH': '/opt/ros/jazzy/lib/python3.12/site-packages', 'COLCON': '1', 'CMAKE_PREFIX_PATH': '/opt/ros/jazzy/opt/gz_math_vendor:/opt/ros/jazzy/opt/gz_utils_vendor:/opt/ros/jazzy/opt/gz_cmake_vendor:/opt/ros/jazzy'}), 'shell': False}
[0.019376] (simulator) JobProgress: {'identifier': 'simulator', 'progress': 'cmake'}
[0.020224] (simulator) JobProgress: {'identifier': 'simulator', 'progress': 'build'}
[0.020275] (simulator) Command: {'cmd': ['/usr/bin/cmake', '--build', '/workspace/build/simulator', '--', '-j20', '-l20'], 'cwd': '/workspace/build/simulator', 'env': OrderedDict({'NODE_VERSION': '24.11.1', 'HOSTNAME': '79a98c8adb75', 'SHLVL': '0', 'LD_LIBRARY_PATH': '/opt/ros/jazzy/opt/rviz_ogre_vendor/lib:/opt/ros/jazzy/lib/x86_64-linux-gnu:/opt/ros/jazzy/opt/gz_math_vendor/lib:/opt/ros/jazzy/opt/gz_utils_vendor/lib:/opt/ros/jazzy/opt/gz_cmake_vendor/lib:/opt/ros/jazzy/lib', 'HOME': '/home/ubuntu', 'OLDPWD': '/', 'ROS_PYTHON_VERSION': '3', 'LC_CTYPE': 'C.UTF-8', 'NVM_DIR': '/usr/local/nvm', 'ROS_DISTRO': 'jazzy', '_': '/usr/bin/colcon', 'ROS_VERSION': '2', 'PATH': '/opt/ros/jazzy/bin:/usr/local/nvm/versions/node/v24.11.1/bin:/usr/local/sbin:/usr/local/bin:/usr/sbin:/usr/bin:/sbin:/bin', 'AMENT_PREFIX_PATH': '/opt/ros/jazzy', 'NG_CLI_ANALYTICS': 'false', 'ROS_AUTOMATIC_DISCOVERY_RANGE': 'SUBNET', 'PWD': '/workspace/build/simulator', 'PYTHONPATH': '/opt/ros/jazzy/lib/python3.12/site-packages', 'COLCON': '1', 'CMAKE_PREFIX_PATH': '/opt/ros/jazzy/opt/gz_math_vendor:/opt/ros/jazzy/opt/gz_utils_vendor:/opt/ros/jazzy/opt/gz_cmake_vendor:/opt/ros/jazzy'}), 'shell': False}
[0.064632] (simulator) CommandEnded: {'returncode': 0}
[0.065202] (simulator) JobProgress: {'identifier': 'simulator', 'progress': 'install'}
[0.072244] (simulator) Command: {'cmd': ['/usr/bin/cmake', '--install', '/workspace/build/simulator'], 'cwd': '/workspace/build/simulator', 'env': OrderedDict({'NODE_VERSION': '24.11.1', 'HOSTNAME': '79a98c8adb75', 'SHLVL': '0', 'LD_LIBRARY_PATH': '/opt/ros/jazzy/opt/rviz_ogre_vendor/lib:/opt/ros/jazzy/lib/x86_64-linux-gnu:/opt/ros/jazzy/opt/gz_math_vendor/lib:/opt/ros/jazzy/opt/gz_utils_vendor/lib:/opt/ros/jazzy/opt/gz_cmake_vendor/lib:/opt/ros/jazzy/lib', 'HOME': '/home/ubuntu', 'OLDPWD': '/', 'ROS_PYTHON_VERSION': '3', 'LC_CTYPE': 'C.UTF-8', 'NVM_DIR': '/usr/local/nvm', 'ROS_DISTRO': 'jazzy', '_': '/usr/bin/colcon', 'ROS_VERSION': '2', 'PATH': '/opt/ros/jazzy/bin:/usr/local/nvm/versions/node/v24.11.1/bin:/usr/local/sbin:/usr/local/bin:/usr/sbin:/usr/bin:/sbin:/bin', 'AMENT_PREFIX_PATH': '/opt/ros/jazzy', 'NG_CLI_ANALYTICS': 'false', 'ROS_AUTOMATIC_DISCOVERY_RANGE': 'SUBNET', 'PWD': '/workspace/build/simulator', 'PYTHONPATH': '/opt/ros/jazzy/lib/python3.12/site-packages', 'COLCON': '1', 'CMAKE_PREFIX_PATH': '/opt/ros/jazzy/opt/gz_math_vendor:/opt/ros/jazzy/opt/gz_utils_vendor:/opt/ros/jazzy/opt/gz_cmake_vendor:/opt/ros/jazzy'}), 'shell': False}
[0.078382] (simulator) StdoutLine: {'line': b'-- Install configuration: ""\n'}
[0.078555] (simulator) StdoutLine: {'line': b'-- Up-to-date: /workspace/install/simulator/share/simulator//launch\n'}
[0.078597] (simulator) StdoutLine: {'line': b'-- Up-to-date: /workspace/install/simulator/share/simulator//launch/launch.xml\n'}
[0.078636] (simulator) StdoutLine: {'line': b'-- Up-to-date: /workspace/install/simulator/share/simulator//launch/gz_bridge_config.yaml\n'}
[0.078671] (simulator) StdoutLine: {'line': b'-- Up-to-date: /workspace/install/simulator/share/simulator//gazebo\n'}
[0.078704] (simulator) StdoutLine: {'line': b'-- Up-to-date: /workspace/install/simulator/share/simulator//gazebo/plane.xml\n'}
[0.078775] (simulator) StdoutLine: {'line': b'-- Up-to-date: /workspace/install/simulator/share/ament_index/resource_index/package_run_dependencies/simulator\n'}
[0.078810] (simulator) StdoutLine: {'line': b'-- Up-to-date: /workspace/install/simulator/share/ament_index/resource_index/parent_prefix_path/simulator\n'}
[0.078843] (simulator) StdoutLine: {'line': b'-- Up-to-date: /workspace/install/simulator/share/simulator/environment/ament_prefix_path.sh\n'}
[0.078878] (simulator) StdoutLine: {'line': b'-- Up-to-date: /workspace/install/simulator/share/simulator/environment/ament_prefix_path.dsv\n'}
[0.078912] (simulator) StdoutLine: {'line': b'-- Up-to-date: /workspace/install/simulator/share/simulator/environment/path.sh\n'}
[0.078946] (simulator) StdoutLine: {'line': b'-- Up-to-date: /workspace/install/simulator/share/simulator/environment/path.dsv\n'}
[0.078979] (simulator) StdoutLine: {'line': b'-- Up-to-date: /workspace/install/simulator/share/simulator/local_setup.bash\n'}
[0.079011] (simulator) StdoutLine: {'line': b'-- Up-to-date: /workspace/install/simulator/share/simulator/local_setup.sh\n'}
[0.079043] (simulator) StdoutLine: {'line': b'-- Up-to-date: /workspace/install/simulator/share/simulator/local_setup.zsh\n'}
[0.079077] (simulator) StdoutLine: {'line': b'-- Up-to-date: /workspace/install/simulator/share/simulator/local_setup.dsv\n'}
[0.079137] (simulator) StdoutLine: {'line': b'-- Up-to-date: /workspace/install/simulator/share/simulator/package.dsv\n'}
[0.079169] (simulator) StdoutLine: {'line': b'-- Up-to-date: /workspace/install/simulator/share/ament_index/resource_index/packages/simulator\n'}
[0.079202] (simulator) StdoutLine: {'line': b'-- Up-to-date: /workspace/install/simulator/share/simulator/cmake/simulatorConfig.cmake\n'}
[0.079237] (simulator) StdoutLine: {'line': b'-- Up-to-date: /workspace/install/simulator/share/simulator/cmake/simulatorConfig-version.cmake\n'}
[0.079269] (simulator) StdoutLine: {'line': b'-- Up-to-date: /workspace/install/simulator/share/simulator/package.xml\n'}
[0.079574] (simulator) CommandEnded: {'returncode': 0}
[0.089087] (simulator) JobEnded: {'identifier': 'simulator', 'rc': 0}
[0.089479] (controller) StdoutLine: {'line': b'[100%] Built target controller\n'}
[0.089568] (controller) CommandEnded: {'returncode': 0}
[0.089822] (controller) JobProgress: {'identifier': 'controller', 'progress': 'install'}
[0.089983] (controller) Command: {'cmd': ['/usr/bin/cmake', '--install', '/workspace/build/controller'], 'cwd': '/workspace/build/controller', 'env': OrderedDict({'NODE_VERSION': '24.11.1', 'HOSTNAME': '79a98c8adb75', 'SHLVL': '0', 'LD_LIBRARY_PATH': '/opt/ros/jazzy/opt/rviz_ogre_vendor/lib:/opt/ros/jazzy/lib/x86_64-linux-gnu:/opt/ros/jazzy/opt/gz_math_vendor/lib:/opt/ros/jazzy/opt/gz_utils_vendor/lib:/opt/ros/jazzy/opt/gz_cmake_vendor/lib:/opt/ros/jazzy/lib', 'HOME': '/home/ubuntu', 'OLDPWD': '/', 'ROS_PYTHON_VERSION': '3', 'LC_CTYPE': 'C.UTF-8', 'NVM_DIR': '/usr/local/nvm', 'ROS_DISTRO': 'jazzy', '_': '/usr/bin/colcon', 'ROS_VERSION': '2', 'PATH': '/opt/ros/jazzy/bin:/usr/local/nvm/versions/node/v24.11.1/bin:/usr/local/sbin:/usr/local/bin:/usr/sbin:/usr/bin:/sbin:/bin', 'AMENT_PREFIX_PATH': '/opt/ros/jazzy', 'NG_CLI_ANALYTICS': 'false', 'ROS_AUTOMATIC_DISCOVERY_RANGE': 'SUBNET', 'PWD': '/workspace/build/controller', 'PYTHONPATH': '/opt/ros/jazzy/lib/python3.12/site-packages', 'COLCON': '1', 'CMAKE_PREFIX_PATH': '/opt/ros/jazzy/opt/gz_math_vendor:/opt/ros/jazzy/opt/gz_utils_vendor:/opt/ros/jazzy/opt/gz_cmake_vendor:/opt/ros/jazzy'}), 'shell': False}
[0.097105] (controller) StdoutLine: {'line': b'-- Install configuration: "Release"\n'}
[0.097929] (controller) StdoutLine: {'line': b'-- Up-to-date: /workspace/install/controller/lib/controller/controller\n'}
[0.098028] (controller) StdoutLine: {'line': b'-- Up-to-date: /workspace/install/controller/share/controller//launch\n'}
[0.098094] (controller) StdoutLine: {'line': b'-- Up-to-date: /workspace/install/controller/share/controller//launch/launch.xml\n'}
[0.098134] (controller) StdoutLine: {'line': b'-- Up-to-date: /workspace/install/controller/share/ament_index/resource_index/package_run_dependencies/controller\n'}
[0.098211] (controller) StdoutLine: {'line': b'-- Up-to-date: /workspace/install/controller/share/ament_index/resource_index/parent_prefix_path/controller\n'}
[0.098250] (controller) StdoutLine: {'line': b'-- Up-to-date: /workspace/install/controller/share/controller/environment/ament_prefix_path.sh\n'}
[0.098285] (controller) StdoutLine: {'line': b'-- Up-to-date: /workspace/install/controller/share/controller/environment/ament_prefix_path.dsv\n'}
[0.098348] (controller) StdoutLine: {'line': b'-- Up-to-date: /workspace/install/controller/share/controller/environment/path.sh\n'}
[0.098379] (controller) StdoutLine: {'line': b'-- Up-to-date: /workspace/install/controller/share/controller/environment/path.dsv\n'}
[0.098410] (controller) StdoutLine: {'line': b'-- Up-to-date: /workspace/install/controller/share/controller/local_setup.bash\n'}
[0.098442] (controller) StdoutLine: {'line': b'-- Up-to-date: /workspace/install/controller/share/controller/local_setup.sh\n'}
[0.098475] (controller) StdoutLine: {'line': b'-- Up-to-date: /workspace/install/controller/share/controller/local_setup.zsh\n'}
[0.098509] (controller) StdoutLine: {'line': b'-- Up-to-date: /workspace/install/controller/share/controller/local_setup.dsv\n'}
[0.098541] (controller) StdoutLine: {'line': b'-- Installing: /workspace/install/controller/share/controller/package.dsv\n'}
[0.098590] (controller) StdoutLine: {'line': b'-- Up-to-date: /workspace/install/controller/share/ament_index/resource_index/packages/controller\n'}
[0.098641] (controller) StdoutLine: {'line': b'-- Up-to-date: /workspace/install/controller/share/controller/cmake/controllerConfig.cmake\n'}
[0.098796] (controller) StdoutLine: {'line': b'-- Up-to-date: /workspace/install/controller/share/controller/cmake/controllerConfig-version.cmake\n'}
[0.098855] (controller) StdoutLine: {'line': b'-- Up-to-date: /workspace/install/controller/share/controller/package.xml\n'}
[0.099674] (controller) CommandEnded: {'returncode': 0}
[0.100148] (-) TimerEvent: {}
[0.106159] (controller) JobEnded: {'identifier': 'controller', 'rc': 0}
[0.108178] (hmi_bridge) StdoutLine: {'line': b'-- The C compiler identification is GNU 13.3.0\n'}
[0.157235] (hmi_bridge) StdoutLine: {'line': b'-- The CXX compiler identification is GNU 13.3.0\n'}
[0.169670] (hmi_bridge) StdoutLine: {'line': b'-- Detecting C compiler ABI info\n'}
[0.200288] (-) TimerEvent: {}
[0.272062] (hmi_bridge) StdoutLine: {'line': b'-- Detecting C compiler ABI info - done\n'}
[0.282980] (hmi_bridge) StdoutLine: {'line': b'-- Check for working C compiler: /usr/bin/cc - skipped\n'}
[0.283593] (hmi_bridge) StdoutLine: {'line': b'-- Detecting C compile features\n'}
[0.284296] (hmi_bridge) StdoutLine: {'line': b'-- Detecting C compile features - done\n'}
[0.296540] (hmi_bridge) StdoutLine: {'line': b'-- Detecting CXX compiler ABI info\n'}
[0.300444] (-) TimerEvent: {}
[0.400629] (-) TimerEvent: {}
[0.405163] (hmi_bridge) StdoutLine: {'line': b'-- Detecting CXX compiler ABI info - done\n'}
[0.410744] (hmi_bridge) StdoutLine: {'line': b'-- Check for working CXX compiler: /usr/bin/c++ - skipped\n'}
[0.410946] (hmi_bridge) StdoutLine: {'line': b'-- Detecting CXX compile features\n'}
[0.411154] (hmi_bridge) StdoutLine: {'line': b'-- Detecting CXX compile features - done\n'}
[0.413327] (hmi_bridge) StdoutLine: {'line': b'-- Found ament_cmake: 2.5.4 (/opt/ros/jazzy/share/ament_cmake/cmake)\n'}
[0.500799] (-) TimerEvent: {}
[0.521819] (hmi_bridge) StdoutLine: {'line': b'-- Found Python3: /usr/bin/python3 (found version "3.12.3") found components: Interpreter \n'}
[0.600891] (-) TimerEvent: {}
[0.610407] (hmi_bridge) StdoutLine: {'line': b'-- Found rclcpp: 28.1.13 (/opt/ros/jazzy/share/rclcpp/cmake)\n'}
[0.647487] (hmi_bridge) StdoutLine: {'line': b'-- Found rosidl_generator_c: 4.6.6 (/opt/ros/jazzy/share/rosidl_generator_c/cmake)\n'}
[0.654473] (hmi_bridge) StdoutLine: {'line': b'-- Found rosidl_generator_cpp: 4.6.6 (/opt/ros/jazzy/share/rosidl_generator_cpp/cmake)\n'}
[0.664337] (hmi_bridge) StdoutLine: {'line': b'-- Using all available rosidl_typesupport_c: rosidl_typesupport_fastrtps_c;rosidl_typesupport_introspection_c\n'}
[0.675082] (hmi_bridge) StdoutLine: {'line': b'-- Using all available rosidl_typesupport_cpp: rosidl_typesupport_fastrtps_cpp;rosidl_typesupport_introspection_cpp\n'}
[0.700971] (-) TimerEvent: {}
[0.726406] (hmi_bridge) StdoutLine: {'line': b'-- Found rmw_implementation_cmake: 7.3.2 (/opt/ros/jazzy/share/rmw_implementation_cmake/cmake)\n'}
[0.728382] (hmi_bridge) StdoutLine: {'line': b'-- Found rmw_fastrtps_cpp: 8.4.3 (/opt/ros/jazzy/share/rmw_fastrtps_cpp/cmake)\n'}
[0.801092] (-) TimerEvent: {}
[0.805056] (hmi_bridge) StdoutLine: {'line': b'-- Found OpenSSL: /usr/lib/x86_64-linux-gnu/libcrypto.so (found version "3.0.13")  \n'}
[0.829096] (hmi_bridge) StdoutLine: {'line': b'-- Found FastRTPS: /opt/ros/jazzy/include (Required is at least version "2.13") \n'}
[0.845238] (hmi_bridge) StdoutLine: {'line': b"-- Using RMW implementation 'rmw_fastrtps_cpp' as default\n"}
[0.901202] (-) TimerEvent: {}
[0.944445] (hmi_bridge) StdoutLine: {'line': b'-- Configuring done (0.9s)\n'}
[0.950280] (hmi_bridge) StdoutLine: {'line': b'-- Generating done (0.0s)\n'}
[0.952325] (hmi_bridge) StdoutLine: {'line': b'-- Build files have been written to: /workspace/build/hmi_bridge\n'}
[0.957245] (hmi_bridge) CommandEnded: {'returncode': 0}
[0.957698] (hmi_bridge) JobProgress: {'identifier': 'hmi_bridge', 'progress': 'build'}
[0.957943] (hmi_bridge) Command: {'cmd': ['/usr/bin/cmake', '--build', '/workspace/build/hmi_bridge', '--', '-j20', '-l20'], 'cwd': '/workspace/build/hmi_bridge', 'env': OrderedDict({'NODE_VERSION': '24.11.1', 'HOSTNAME': '79a98c8adb75', 'SHLVL': '0', 'LD_LIBRARY_PATH': '/opt/ros/jazzy/opt/rviz_ogre_vendor/lib:/opt/ros/jazzy/lib/x86_64-linux-gnu:/opt/ros/jazzy/opt/gz_math_vendor/lib:/opt/ros/jazzy/opt/gz_utils_vendor/lib:/opt/ros/jazzy/opt/gz_cmake_vendor/lib:/opt/ros/jazzy/lib', 'HOME': '/home/ubuntu', 'OLDPWD': '/', 'ROS_PYTHON_VERSION': '3', 'LC_CTYPE': 'C.UTF-8', 'NVM_DIR': '/usr/local/nvm', 'ROS_DISTRO': 'jazzy', '_': '/usr/bin/colcon', 'ROS_VERSION': '2', 'PATH': '/opt/ros/jazzy/bin:/usr/local/nvm/versions/node/v24.11.1/bin:/usr/local/sbin:/usr/local/bin:/usr/sbin:/usr/bin:/sbin:/bin', 'AMENT_PREFIX_PATH': '/opt/ros/jazzy', 'NG_CLI_ANALYTICS': 'false', 'ROS_AUTOMATIC_DISCOVERY_RANGE': 'SUBNET', 'PWD': '/workspace/build/hmi_bridge', 'PYTHONPATH': '/opt/ros/jazzy/lib/python3.12/site-packages', 'COLCON': '1', 'CMAKE_PREFIX_PATH': '/opt/ros/jazzy/opt/gz_math_vendor:/opt/ros/jazzy/opt/gz_utils_vendor:/opt/ros/jazzy/opt/gz_cmake_vendor:/opt/ros/jazzy'}), 'shell': False}
[1.001421] (-) TimerEvent: {}
[1.012423] (hmi_bridge) StdoutLine: {'line': b'[ 33%] Building CXX object CMakeFiles/hmi_bridge.dir/src/Bridge.cpp.o\n'}
[1.013212] (hmi_bridge) StdoutLine: {'line': b'[ 66%] Building CXX object CMakeFiles/hmi_bridge.dir/src/main.cpp.o\n'}
[1.024297] (hmi_bridge) StderrLine: {'line': b'In file included from /workspace/src/hmi_bridge/src/main.cpp:1:\n'}
[1.024574] (hmi_bridge) StderrLine: {'line': b'/workspace/src/hmi_bridge/src/Bridge.h:3:10: fatal error: nlohmann/json.hpp: No such file or directory\n'}
[1.024726] (hmi_bridge) StderrLine: {'line': b'    3 | #include <nlohmann/json.hpp>\n'}
[1.024872] (hmi_bridge) StderrLine: {'line': b'      |          ^~~~~~~~~~~~~~~~~~~\n'}
[1.025004] (hmi_bridge) StderrLine: {'line': b'compilation terminated.\n'}
[1.025134] (hmi_bridge) StderrLine: {'line': b'In file included from /workspace/src/hmi_bridge/src/Bridge.cpp:1:\n'}
[1.025697] (hmi_bridge) StderrLine: {'line': b'/workspace/src/hmi_bridge/src/Bridge.h:3:10: fatal error: nlohmann/json.hpp: No such file or directory\n'}
[1.025825] (hmi_bridge) StderrLine: {'line': b'    3 | #include <nlohmann/json.hpp>\n'}
[1.025909] (hmi_bridge) StderrLine: {'line': b'      |          ^~~~~~~~~~~~~~~~~~~\n'}
[1.025989] (hmi_bridge) StderrLine: {'line': b'compilation terminated.\n'}
[1.026071] (hmi_bridge) StderrLine: {'line': b'gmake[2]: *** [CMakeFiles/hmi_bridge.dir/build.make:90: CMakeFiles/hmi_bridge.dir/src/main.cpp.o] Error 1\n'}
[1.026143] (hmi_bridge) StderrLine: {'line': b'gmake[2]: *** Waiting for unfinished jobs....\n'}
[1.026218] (hmi_bridge) StderrLine: {'line': b'gmake[2]: *** [CMakeFiles/hmi_bridge.dir/build.make:76: CMakeFiles/hmi_bridge.dir/src/Bridge.cpp.o] Error 1\n'}
[1.026294] (hmi_bridge) StderrLine: {'line': b'gmake[1]: *** [CMakeFiles/Makefile2:137: CMakeFiles/hmi_bridge.dir/all] Error 2\n'}
[1.026510] (hmi_bridge) StderrLine: {'line': b'gmake: *** [Makefile:146: all] Error 2\n'}
[1.027993] (hmi_bridge) CommandEnded: {'returncode': 2}
[1.034386] (hmi_bridge) JobEnded: {'identifier': 'hmi_bridge', 'rc': 2}
[1.035185] (-) EventReactorShutdown: {}
